<?xml version="1.0" encoding="UTF-8"?>
<!-- Generated by org.testng.reporters.JUnitXMLReporter -->
<testsuite ignored="0" hostname="LAPTOP-SR1B8OU1" failures="1" tests="2" name="Test_Validate" time="2.218" errors="0" timestamp="2021-05-06T13:48:19 MYT">
  <testcase classname="Academy.validateTitle" name="HeaderNavigation" time="0.027"/>
  <testcase classname="Academy.validateTitle" name="basePageNavigation" time="0.024">
    <failure type="java.lang.AssertionError" message="expected [FEATURED1 COURSES] but found [FEATURED COURSES]">
      <![CDATA[java.lang.AssertionError: expected [FEATURED1 COURSES] but found [FEATURED COURSES]
at Academy.validateTitle.basePageNavigation(validateTitle.java:46)
at java.base/java.util.ArrayList.forEach(ArrayList.java:1511)
... Removed 33 stack frames]]>
    </failure>
  </testcase> <!-- basePageNavigation -->
</testsuite> <!-- Test_Validate -->
